<?xml version="1.0" encoding="UTF-8"?>
<testsuite xmlns:xsi="http://www.w3.org/2001/XMLSchema-instance" xsi:noNamespaceSchemaLocation="https://maven.apache.org/surefire/maven-surefire-plugin/xsd/surefire-test-report.xsd" name="com.bootcamp.demo.AppTest" time="0.081" tests="1" errors="0" skipped="0" failures="0">
  <properties>
    <property name="java.specification.version" value="22"/>
    <property name="sun.cpu.isalist" value="amd64"/>
    <property name="sun.jnu.encoding" value="UTF-8"/>
    <property name="java.class.path" value="C:\bootcamp\bc2408\demo-lombok\target\test-classes;C:\bootcamp\bc2408\demo-lombok\target\classes;C:\Users\admin01\.m2\repository\org\projectlombok\lombok\1.18.30\lombok-1.18.30.jar;C:\Users\admin01\.m2\repository\junit\junit\4.11\junit-4.11.jar;C:\Users\admin01\.m2\repository\org\hamcrest\hamcrest-core\1.3\hamcrest-core-1.3.jar;"/>
    <property name="java.vm.vendor" value="Azul Systems, Inc."/>
    <property name="sun.arch.data.model" value="64"/>
    <property name="user.variant" value=""/>
    <property name="java.vendor.url" value="http://www.azul.com/"/>
    <property name="user.timezone" value="Asia/Hong_Kong"/>
    <property name="os.name" value="Windows 11"/>
    <property name="java.vm.specification.version" value="22"/>
    <property name="sun.java.launcher" value="SUN_STANDARD"/>
    <property name="user.country" value="HK"/>
    <property name="sun.boot.library.path" value="C:\Users\admin01\Documents\zulu22.32.15-ca-jdk22.0.2-win_x64\zulu22.32.15-ca-jdk22.0.2-win_x64\bin"/>
    <property name="sun.java.command" value="C:\Users\admin01\AppData\Local\Temp\surefire2945222455306624502\surefirebooter5052522505957525585.jar C:\Users\admin01\AppData\Local\Temp\surefire2945222455306624502 2024-09-26T21-07-54_511-jvmRun1 surefire12285529297745233997tmp surefire_015505359829953191432tmp"/>
    <property name="jdk.debug" value="release"/>
    <property name="surefire.test.class.path" value="C:\bootcamp\bc2408\demo-lombok\target\test-classes;C:\bootcamp\bc2408\demo-lombok\target\classes;C:\Users\admin01\.m2\repository\org\projectlombok\lombok\1.18.30\lombok-1.18.30.jar;C:\Users\admin01\.m2\repository\junit\junit\4.11\junit-4.11.jar;C:\Users\admin01\.m2\repository\org\hamcrest\hamcrest-core\1.3\hamcrest-core-1.3.jar;"/>
    <property name="sun.cpu.endian" value="little"/>
    <property name="user.home" value="C:\Users\admin01"/>
    <property name="user.language" value="zh"/>
    <property name="java.specification.vendor" value="Oracle Corporation"/>
    <property name="java.version.date" value="2024-07-16"/>
    <property name="java.home" value="C:\Users\admin01\Documents\zulu22.32.15-ca-jdk22.0.2-win_x64\zulu22.32.15-ca-jdk22.0.2-win_x64"/>
    <property name="file.separator" value="\"/>
    <property name="basedir" value="C:\bootcamp\bc2408\demo-lombok"/>
    <property name="java.vm.compressedOopsMode" value="Zero based"/>
    <property name="line.separator" value="&#10;"/>
    <property name="java.vm.specification.vendor" value="Oracle Corporation"/>
    <property name="java.specification.name" value="Java Platform API Specification"/>
    <property name="surefire.real.class.path" value="C:\Users\admin01\AppData\Local\Temp\surefire2945222455306624502\surefirebooter5052522505957525585.jar"/>
    <property name="user.script" value=""/>
    <property name="sun.management.compiler" value="HotSpot 64-Bit Tiered Compilers"/>
    <property name="java.runtime.version" value="22.0.2+9"/>
    <property name="user.name" value="admin01"/>
    <property name="stdout.encoding" value="UTF-8"/>
    <property name="path.separator" value=";"/>
    <property name="os.version" value="10.0"/>
    <property name="java.runtime.name" value="OpenJDK Runtime Environment"/>
    <property name="file.encoding" value="UTF-8"/>
    <property name="java.vm.name" value="OpenJDK 64-Bit Server VM"/>
    <property name="java.vendor.version" value="Zulu22.32+15-CA"/>
    <property name="localRepository" value="C:\Users\admin01\.m2\repository"/>
    <property name="java.vendor.url.bug" value="http://www.azul.com/support/"/>
    <property name="java.io.tmpdir" value="C:\Users\admin01\AppData\Local\Temp\"/>
    <property name="java.version" value="22.0.2"/>
    <property name="user.dir" value="C:\bootcamp\bc2408\demo-lombok"/>
    <property name="os.arch" value="amd64"/>
    <property name="java.vm.specification.name" value="Java Virtual Machine Specification"/>
    <property name="sun.os.patch.level" value=""/>
    <property name="native.encoding" value="UTF-8"/>
    <property name="java.library.path" value="C:\Users\admin01\Documents\zulu22.32.15-ca-jdk22.0.2-win_x64\zulu22.32.15-ca-jdk22.0.2-win_x64\bin;C:\WINDOWS\Sun\Java\bin;C:\WINDOWS\system32;C:\WINDOWS;C:\Users\admin01\bin;C:\ServerTool\Git\mingw64\bin;C:\ServerTool\Git\usr\local\bin;C:\ServerTool\Git\usr\bin;C:\ServerTool\Git\usr\bin;C:\ServerTool\Git\mingw64\bin;C:\ServerTool\Git\usr\bin;C:\Users\admin01\bin;C:\Program Files\Zulu\zulu-22\bin;C:\WINDOWS\system32;C:\WINDOWS;C:\WINDOWS\System32\Wbem;C:\WINDOWS\System32\WindowsPowerShell\v1.0;C:\WINDOWS\System32\OpenSSH;C:\ServerTool\Git\cmd;D:\apache-maven-3.9.8\bin;D:\MicrosoftEdgeDownloads;C:\Program Files\MySQL\MySQL Server 8.0\bin;C:\Program Files\MySQL\MySQL Shell 8.0\bin;C:\Users\admin01\AppData\Local\Microsoft\WindowsApps;C:\Users\admin01\AppData\Local\Programs\Microsoft VS Code\bin;C:\ServerTool\Git\usr\bin\vendor_perl;C:\ServerTool\Git\usr\bin\core_perl;."/>
    <property name="java.vm.info" value="mixed mode, sharing"/>
    <property name="stderr.encoding" value="UTF-8"/>
    <property name="java.vendor" value="Azul Systems, Inc."/>
    <property name="java.vm.version" value="22.0.2+9"/>
    <property name="sun.io.unicode.encoding" value="UnicodeLittle"/>
    <property name="java.class.version" value="66.0"/>
  </properties>
  <testcase name="shouldAnswerWithTrue" classname="com.bootcamp.demo.AppTest" time="0.006"/>
</testsuite>